20221225	01:50:33	f41ae6af-3945-48e5-b031-b2c0fde27d93	GET	/	undefined
20221225	01:50:33	91802989-b9b1-40c5-bfa1-fef76c7fb635	GET	/css/style.css	undefined
20221225	01:50:46	2fbdfc31-1c2d-4b48-b4df-06889fa44406	GET	/kh]	undefined
20221225	01:50:46	8ba1b64f-e9f6-4ea6-b3f9-004e47e794b5	GET	/css/style.css	undefined
20221225	01:50:54	3aed156f-7979-4a15-90d2-7df395f837e2	GET	/	undefined
20221225	01:50:55	adfac232-80c7-4f69-9d8b-bef53eb1b01d	GET	/css/style.css	undefined
20221228	00:26:28	502a7414-0244-4cda-b063-90cc8e831a95	GET	/users	undefined
20221228	00:26:57	5acaf583-8e39-40dc-88e8-1dee9aa398b4	GET	/users	undefined
20221228	00:29:05	7015eb10-6cd3-4421-b880-df8a631440d3	POST	/users	undefined
20221228	00:29:56	7ddeac99-31a1-4180-9c33-b720678de27a	POST	/users	undefined
20221228	00:30:43	dd4d4578-352d-4aec-ad4a-e9358814a443	POST	/users	undefined
20221228	00:34:58	2a068510-5415-42fa-a3d4-fce58d812802	POST	/users	undefined
20221228	00:35:18	cb56005e-1481-4b31-96d7-140d21e1be86	POST	/users	undefined
20221228	00:35:26	b3abe9b9-9400-451d-a05f-c55520ed27ee	GET	/users	undefined
20221228	00:36:03	b824c840-fb20-46e7-9ceb-7cffe539fb43	POST	/users	undefined
20221228	00:36:08	09553912-00d3-4067-9f4f-09179ed94f89	GET	/users	undefined
20221228	00:37:07	e6c31d5d-5fde-4451-8e5c-9d420ed8b2dd	POST	/users	undefined
20221228	00:39:40	6cad2dc8-f663-4fde-9911-be8abc1a1c30	GET	/users	undefined
20221228	00:39:47	8c0917f2-22f0-4bb6-bb16-b8bc3a7d5c93	PATCH	/users	undefined
20221228	00:41:06	e8f013da-26a3-4154-af3f-3b5506e7ea4c	PATCH	/users	undefined
20221228	00:41:40	6e76e265-3a6a-4416-9fc7-a0b8c314bece	PATCH	/users	undefined
20221228	00:43:09	d705f2a0-32d8-4a8d-bbd8-b4a181702a6e	PATCH	/users	undefined
20221228	00:43:17	96c529c5-cea5-4e29-8d4c-a8e4d616ac39	PATCH	/users	undefined
20221228	00:43:20	cff5138f-09fc-4b8f-bc46-13b264cc5603	GET	/users	undefined
20221228	00:43:43	5c747d59-ebe3-4cb6-9b38-30a142b11c04	PATCH	/users	undefined
20221228	00:43:46	0f653a05-8d5d-4b0b-a7e5-15ffed1e1a68	GET	/users	undefined
20221228	00:45:47	09fb6f19-60ac-4e1f-8a01-21300bdd69fb	GET	/users	undefined
20221228	00:45:59	0f34e0ef-fd33-41b1-b578-b3b969dfa9d9	POST	/users	undefined
20221228	00:46:03	6d92d9bf-0475-4939-8d3e-dcf69066726e	GET	/users	undefined
20221228	00:48:13	a8131893-736c-4c8f-a28a-3ae10e4d4409	DELETE	/users	undefined
20221228	00:48:39	b9582fb2-3c2d-41b5-bbab-3fbeeeb6ff09	DELETE	/users	undefined
20221228	00:48:44	da644c0b-0745-440c-b393-a5d12a486f7c	GET	/users	undefined
